--- adb starting (pid 32) ---
adb I 09-08 12:52:19    32    32 main.cpp:62] Android Debug Bridge version 1.0.41
adb I 09-08 12:52:19    32    32 main.cpp:62] Version 30.0.4-6686687
adb I 09-08 12:52:19    32    32 main.cpp:62] Installed as /root/platform-tools/adb
adb I 09-08 12:52:19    32    32 main.cpp:62] 
adb I 09-08 12:52:19    32    32 auth.cpp:417] adb_auth_init...
adb I 09-08 12:52:19    32    32 auth.cpp:220] User key '/root/.android/adbkey' does not exist...
adb I 09-08 12:52:19    32    32 auth.cpp:64] generate_key(/root/.android/adbkey)...
adb I 09-08 12:52:19    32    32 auth.cpp:152] loaded new key from '/root/.android/adbkey' with fingerprint A5C01C645B1DA9884DDF863C56A8A42253A3433E59D170911B2D41CD01B3745A
adb I 09-08 12:52:19    32    32 auth.cpp:392] adb_auth_inotify_init...
--- adb starting (pid 33) ---
adb I 09-08 13:10:21    33    33 main.cpp:62] Android Debug Bridge version 1.0.41
adb I 09-08 13:10:21    33    33 main.cpp:62] Version 30.0.4-6686687
adb I 09-08 13:10:21    33    33 main.cpp:62] Installed as /root/platform-tools/adb
adb I 09-08 13:10:21    33    33 main.cpp:62] 
adb I 09-08 13:10:21    33    33 auth.cpp:417] adb_auth_init...
adb I 09-08 13:10:21    33    33 auth.cpp:220] User key '/root/.android/adbkey' does not exist...
adb I 09-08 13:10:21    33    33 auth.cpp:64] generate_key(/root/.android/adbkey)...
adb I 09-08 13:10:22    33    33 auth.cpp:152] loaded new key from '/root/.android/adbkey' with fingerprint 9780DF4017D59208EE96D18921289142DE341D3019EF635987F48ABE1BC71A36
adb I 09-08 13:10:22    33    33 auth.cpp:392] adb_auth_inotify_init...
